d:\mayur_workspace\visualizer\comparators\x64\debug\comparators.pch
d:\mayur_workspace\visualizer\comparators\x64\debug\vc143.pdb
d:\mayur_workspace\visualizer\comparators\x64\debug\vc143.idb
d:\mayur_workspace\visualizer\comparators\x64\debug\pch.obj
d:\mayur_workspace\visualizer\comparators\x64\debug\yearofestablishcomparator.obj
d:\mayur_workspace\visualizer\comparators\x64\debug\maxydifferencecomparator.obj
d:\mayur_workspace\visualizer\comparators\x64\debug\maxpricecomparator.obj
d:\mayur_workspace\visualizer\comparators\x64\debug\dllmain.obj
d:\mayur_workspace\visualizer\comparators\x64\debug\comparators.ilk
d:\mayur_workspace\visualizer\x64\debug\comparators.dll
d:\mayur_workspace\visualizer\x64\debug\comparators.pdb
d:\mayur_workspace\visualizer\x64\debug\comparators.lib
d:\mayur_workspace\visualizer\x64\debug\comparators.exp
d:\mayur_workspace\visualizer\comparators\x64\debug\comparators.tlog\cl.command.1.tlog
d:\mayur_workspace\visualizer\comparators\x64\debug\comparators.tlog\cl.items.tlog
d:\mayur_workspace\visualizer\comparators\x64\debug\comparators.tlog\cl.read.1.tlog
d:\mayur_workspace\visualizer\comparators\x64\debug\comparators.tlog\cl.write.1.tlog
d:\mayur_workspace\visualizer\comparators\x64\debug\comparators.tlog\link.command.1.tlog
d:\mayur_workspace\visualizer\comparators\x64\debug\comparators.tlog\link.read.1.tlog
d:\mayur_workspace\visualizer\comparators\x64\debug\comparators.tlog\link.write.1.tlog
d:\mayur_workspace\visualizer\comparators\x64\debug\comparators.tlog\link.write.2u.tlog
